This is pdfTeX, Version 3.141592653-2.6-1.40.25 (TeX Live 2023) (preloaded format=pdflatex 2023.4.5)  15 MAY 2023 23:17
entering extended mode
 restricted \write18 enabled.
 file:line:error style messages enabled.
 %&-line parsing enabled.
**c:/Users/alexi/Documents/COURS/GE2/S2/Automatique/TP/main
(c:/Users/alexi/Documents/COURS/GE2/S2/Automatique/TP/main.tex
LaTeX2e <2022-11-01> patch level 1
L3 programming layer <2023-03-30> (c:/texlive/2023/texmf-dist/tex/latex/base/article.cls
Document Class: article 2022/07/02 v1.4n Standard LaTeX document class
(c:/texlive/2023/texmf-dist/tex/latex/base/size12.clo
File: size12.clo 2022/07/02 v1.4n Standard LaTeX file (size option)
)
\c@part=\count185
\c@section=\count186
\c@subsection=\count187
\c@subsubsection=\count188
\c@paragraph=\count189
\c@subparagraph=\count190
\c@figure=\count191
\c@table=\count192
\abovecaptionskip=\skip48
\belowcaptionskip=\skip49
\bibindent=\dimen140
) (c:/texlive/2023/texmf-dist/tex/latex/base/inputenc.sty
Package: inputenc 2021/02/14 v1.3d Input encoding file
\inpenc@prehook=\toks16
\inpenc@posthook=\toks17
) (c:/texlive/2023/texmf-dist/tex/latex/base/fontenc.sty
Package: fontenc 2021/04/29 v2.0v Standard LaTeX package
) (c:/texlive/2023/texmf-dist/tex/latex/geometry/geometry.sty
Package: geometry 2020/01/02 v5.9 Page Geometry
 (c:/texlive/2023/texmf-dist/tex/latex/graphics/keyval.sty
Package: keyval 2022/05/29 v1.15 key=value parser (DPC)
\KV@toks@=\toks18
) (c:/texlive/2023/texmf-dist/tex/generic/iftex/ifvtex.sty
Package: ifvtex 2019/10/25 v1.7 ifvtex legacy package. Use iftex instead.
 (c:/texlive/2023/texmf-dist/tex/generic/iftex/iftex.sty
Package: iftex 2022/02/03 v1.0f TeX engine tests
))
\Gm@cnth=\count193
\Gm@cntv=\count194
\c@Gm@tempcnt=\count195
\Gm@bindingoffset=\dimen141
\Gm@wd@mp=\dimen142
\Gm@odd@mp=\dimen143
\Gm@even@mp=\dimen144
\Gm@layoutwidth=\dimen145
\Gm@layoutheight=\dimen146
\Gm@layouthoffset=\dimen147
\Gm@layoutvoffset=\dimen148
\Gm@dimlist=\toks19
) (c:/texlive/2023/texmf-dist/tex/latex/graphics/graphicx.sty
Package: graphicx 2021/09/16 v1.2d Enhanced LaTeX Graphics (DPC,SPQR)
 (c:/texlive/2023/texmf-dist/tex/latex/graphics/graphics.sty
Package: graphics 2022/03/10 v1.4e Standard LaTeX Graphics (DPC,SPQR)
 (c:/texlive/2023/texmf-dist/tex/latex/graphics/trig.sty
Package: trig 2021/08/11 v1.11 sin cos tan (DPC)
) (c:/texlive/2023/texmf-dist/tex/latex/graphics-cfg/graphics.cfg
File: graphics.cfg 2016/06/04 v1.11 sample graphics configuration
)
Package graphics Info: Driver file: pdftex.def on input line 107.
 (c:/texlive/2023/texmf-dist/tex/latex/graphics-def/pdftex.def
File: pdftex.def 2022/09/22 v1.2b Graphics/color driver for pdftex
))
\Gin@req@height=\dimen149
\Gin@req@width=\dimen150
) (c:/texlive/2023/texmf-dist/tex/latex/hyperref/hyperref.sty
Package: hyperref 2023-02-07 v7.00v Hypertext links for LaTeX
 (c:/texlive/2023/texmf-dist/tex/generic/ltxcmds/ltxcmds.sty
Package: ltxcmds 2020-05-10 v1.25 LaTeX kernel commands for general use (HO)
) (c:/texlive/2023/texmf-dist/tex/generic/pdftexcmds/pdftexcmds.sty
Package: pdftexcmds 2020-06-27 v0.33 Utility functions of pdfTeX for LuaTeX (HO)
 (c:/texlive/2023/texmf-dist/tex/generic/infwarerr/infwarerr.sty
Package: infwarerr 2019/12/03 v1.5 Providing info/warning/error messages (HO)
)
Package pdftexcmds Info: \pdf@primitive is available.
Package pdftexcmds Info: \pdf@ifprimitive is available.
Package pdftexcmds Info: \pdfdraftmode found.
) (c:/texlive/2023/texmf-dist/tex/latex/kvsetkeys/kvsetkeys.sty
Package: kvsetkeys 2022-10-05 v1.19 Key value parser (HO)
) (c:/texlive/2023/texmf-dist/tex/generic/kvdefinekeys/kvdefinekeys.sty
Package: kvdefinekeys 2019-12-19 v1.6 Define keys (HO)
) (c:/texlive/2023/texmf-dist/tex/generic/pdfescape/pdfescape.sty
Package: pdfescape 2019/12/09 v1.15 Implements pdfTeX's escape features (HO)
) (c:/texlive/2023/texmf-dist/tex/latex/hycolor/hycolor.sty
Package: hycolor 2020-01-27 v1.10 Color options for hyperref/bookmark (HO)
) (c:/texlive/2023/texmf-dist/tex/latex/letltxmacro/letltxmacro.sty
Package: letltxmacro 2019/12/03 v1.6 Let assignment for LaTeX macros (HO)
) (c:/texlive/2023/texmf-dist/tex/latex/auxhook/auxhook.sty
Package: auxhook 2019-12-17 v1.6 Hooks for auxiliary files (HO)
) (c:/texlive/2023/texmf-dist/tex/latex/hyperref/nameref.sty
Package: nameref 2022-05-17 v2.50 Cross-referencing by name of section
 (c:/texlive/2023/texmf-dist/tex/latex/refcount/refcount.sty
Package: refcount 2019/12/15 v3.6 Data extraction from label references (HO)
) (c:/texlive/2023/texmf-dist/tex/generic/gettitlestring/gettitlestring.sty
Package: gettitlestring 2019/12/15 v1.6 Cleanup title references (HO)
 (c:/texlive/2023/texmf-dist/tex/latex/kvoptions/kvoptions.sty
Package: kvoptions 2022-06-15 v3.15 Key value format for package options (HO)
))
\c@section@level=\count196
)
\@linkdim=\dimen151
\Hy@linkcounter=\count197
\Hy@pagecounter=\count198
 (c:/texlive/2023/texmf-dist/tex/latex/hyperref/pd1enc.def
File: pd1enc.def 2023-02-07 v7.00v Hyperref: PDFDocEncoding definition (HO)
Now handling font encoding PD1 ...
... no UTF-8 mapping file for font encoding PD1
) (c:/texlive/2023/texmf-dist/tex/generic/intcalc/intcalc.sty
Package: intcalc 2019/12/15 v1.3 Expandable calculations with integers (HO)
) (c:/texlive/2023/texmf-dist/tex/generic/etexcmds/etexcmds.sty
Package: etexcmds 2019/12/15 v1.7 Avoid name clashes with e-TeX commands (HO)
)
\Hy@SavedSpaceFactor=\count199
 (c:/texlive/2023/texmf-dist/tex/latex/hyperref/puenc.def
File: puenc.def 2023-02-07 v7.00v Hyperref: PDF Unicode definition (HO)
Now handling font encoding PU ...
... no UTF-8 mapping file for font encoding PU
)
Package hyperref Info: Hyper figures OFF on input line 4177.
Package hyperref Info: Link nesting OFF on input line 4182.
Package hyperref Info: Hyper index ON on input line 4185.
Package hyperref Info: Plain pages OFF on input line 4192.
Package hyperref Info: Backreferencing OFF on input line 4197.
Package hyperref Info: Implicit mode ON; LaTeX internals redefined.
Package hyperref Info: Bookmarks ON on input line 4425.
\c@Hy@tempcnt=\count266
 (c:/texlive/2023/texmf-dist/tex/latex/url/url.sty
\Urlmuskip=\muskip16
Package: url 2013/09/16  ver 3.4  Verb mode for urls, etc.
)
LaTeX Info: Redefining \url on input line 4763.
\XeTeXLinkMargin=\dimen152
 (c:/texlive/2023/texmf-dist/tex/generic/bitset/bitset.sty
Package: bitset 2019/12/09 v1.3 Handle bit-vector datatype (HO)
 (c:/texlive/2023/texmf-dist/tex/generic/bigintcalc/bigintcalc.sty
Package: bigintcalc 2019/12/15 v1.5 Expandable calculations on big integers (HO)
))
\Fld@menulength=\count267
\Field@Width=\dimen153
\Fld@charsize=\dimen154
Package hyperref Info: Hyper figures OFF on input line 6042.
Package hyperref Info: Link nesting OFF on input line 6047.
Package hyperref Info: Hyper index ON on input line 6050.
Package hyperref Info: backreferencing OFF on input line 6057.
Package hyperref Info: Link coloring OFF on input line 6062.
Package hyperref Info: Link coloring with OCG OFF on input line 6067.
Package hyperref Info: PDF/A mode OFF on input line 6072.
 (c:/texlive/2023/texmf-dist/tex/latex/base/atbegshi-ltx.sty
Package: atbegshi-ltx 2021/01/10 v1.0c Emulation of the original atbegshi
package with kernel methods
)
\Hy@abspage=\count268
\c@Item=\count269
\c@Hfootnote=\count270
)
Package hyperref Info: Driver (autodetected): hpdftex.
 (c:/texlive/2023/texmf-dist/tex/latex/hyperref/hpdftex.def
File: hpdftex.def 2023-02-07 v7.00v Hyperref driver for pdfTeX
 (c:/texlive/2023/texmf-dist/tex/latex/base/atveryend-ltx.sty
Package: atveryend-ltx 2020/08/19 v1.0a Emulation of the original atveryend package
with kernel methods
)
\Fld@listcount=\count271
\c@bookmark@seq@number=\count272
 (c:/texlive/2023/texmf-dist/tex/latex/rerunfilecheck/rerunfilecheck.sty
Package: rerunfilecheck 2022-07-10 v1.10 Rerun checks for auxiliary files (HO)
 (c:/texlive/2023/texmf-dist/tex/generic/uniquecounter/uniquecounter.sty
Package: uniquecounter 2019/12/15 v1.4 Provide unlimited unique counter (HO)
)
Package uniquecounter Info: New unique counter `rerunfilecheck' on input line 285.
)
\Hy@SectionHShift=\skip50
) (c:/texlive/2023/texmf-dist/tex/latex/tools/bm.sty
Package: bm 2022/01/05 v1.2f Bold Symbol Support (DPC/FMi)
\symboldoperators=\mathgroup4
\symboldletters=\mathgroup5
\symboldsymbols=\mathgroup6
Package bm Info: No bold for \OMX/cmex/m/n, using \pmb.
LaTeX Font Info:    Redeclaring math alphabet \mathbf on input line 149.
) (c:/texlive/2023/texmf-dist/tex/latex/xcolor/xcolor.sty
Package: xcolor 2022/06/12 v2.14 LaTeX color extensions (UK)
 (c:/texlive/2023/texmf-dist/tex/latex/graphics-cfg/color.cfg
File: color.cfg 2016/01/02 v1.6 sample color configuration
)
Package xcolor Info: Driver file: pdftex.def on input line 227.
 (c:/texlive/2023/texmf-dist/tex/latex/graphics/mathcolor.ltx)
Package xcolor Info: Model `cmy' substituted by `cmy0' on input line 1353.
Package xcolor Info: Model `hsb' substituted by `rgb' on input line 1357.
Package xcolor Info: Model `RGB' extended on input line 1369.
Package xcolor Info: Model `HTML' substituted by `rgb' on input line 1371.
Package xcolor Info: Model `Hsb' substituted by `hsb' on input line 1372.
Package xcolor Info: Model `tHsb' substituted by `hsb' on input line 1373.
Package xcolor Info: Model `HSB' substituted by `hsb' on input line 1374.
Package xcolor Info: Model `Gray' substituted by `gray' on input line 1375.
Package xcolor Info: Model `wave' substituted by `hsb' on input line 1376.
) (c:/texlive/2023/texmf-dist/tex/generic/soul/soul.sty
Package: soul 2023-02-18 v3.0 Permit use of UTF-8 characters in soul (HO)
 (c:/texlive/2023/texmf-dist/tex/generic/soul/soul-ori.sty
Package: soul-ori 2023-02-18 v3.0 letterspacing/underlining (mf)
\SOUL@word=\toks20
\SOUL@lasttoken=\toks21
\SOUL@syllable=\toks22
\SOUL@cmds=\toks23
\SOUL@buffer=\toks24
\SOUL@token=\toks25
\SOUL@syllgoal=\dimen155
\SOUL@syllwidth=\dimen156
\SOUL@charkern=\dimen157
\SOUL@hyphkern=\dimen158
\SOUL@dimen=\dimen159
\SOUL@dimeni=\dimen160
\SOUL@minus=\count273
\SOUL@comma=\count274
\SOUL@apo=\count275
\SOUL@grave=\count276
\SOUL@spaceskip=\skip51
\SOUL@ttwidth=\dimen161
\SOUL@uldp=\dimen162
\SOUL@ulht=\dimen163
)) (c:/texlive/2023/texmf-dist/tex/latex/subfigure/subfigure.sty
Package: subfigure 2002/03/15 v2.1.5 subfigure package
\subfigtopskip=\skip52
\subfigcapskip=\skip53
\subfigcaptopadj=\dimen164
\subfigbottomskip=\skip54
\subfigcapmargin=\dimen165
\subfiglabelskip=\skip55
\c@subfigure=\count277
\c@lofdepth=\count278
\c@subtable=\count279
\c@lotdepth=\count280

****************************************
* Local config file subfigure.cfg used *
****************************************
(c:/texlive/2023/texmf-dist/tex/latex/subfigure/subfigure.cfg)
\subfig@top=\skip56
\subfig@bottom=\skip57
) (c:/texlive/2023/texmf-dist/tex/latex/caption/subcaption.sty
Package: subcaption 2023/02/19 v1.6 Sub-captions (AR)
 (c:/texlive/2023/texmf-dist/tex/latex/caption/caption.sty
Package: caption 2023/03/12 v3.6j Customizing captions (AR)
 (c:/texlive/2023/texmf-dist/tex/latex/caption/caption3.sty
Package: caption3 2023/03/12 v2.4 caption3 kernel (AR)
\caption@tempdima=\dimen166
\captionmargin=\dimen167
\caption@leftmargin=\dimen168
\caption@rightmargin=\dimen169
\caption@width=\dimen170
\caption@indent=\dimen171
\caption@parindent=\dimen172
\caption@hangindent=\dimen173
Package caption Info: Standard document class detected.
)
\c@caption@flags=\count281
\c@continuedfloat=\count282
Package caption Info: hyperref package is loaded.
Package caption Info: subfigure package is loaded.
)
LaTeX Info: Redefining \subref on input line 191.
Package subcaption Info: The counter `subfigure' was already defined by
(subcaption)             an unknown document class or package on input line 239.
Package subcaption Info: The counter `subtable' was already defined by
(subcaption)             an unknown document class or package on input line 239.
) (c:/texlive/2023/texmf-dist/tex/latex/l3backend/l3backend-pdftex.def
File: l3backend-pdftex.def 2023-03-30 L3 backend support: PDF output (pdfTeX)
\l__color_backend_stack_int=\count283
\l__pdf_internal_box=\box51
) (./main.aux)
\openout1 = `main.aux'.

LaTeX Font Info:    Checking defaults for OML/cmm/m/it on input line 21.
LaTeX Font Info:    ... okay on input line 21.
LaTeX Font Info:    Checking defaults for OMS/cmsy/m/n on input line 21.
LaTeX Font Info:    ... okay on input line 21.
LaTeX Font Info:    Checking defaults for OT1/cmr/m/n on input line 21.
LaTeX Font Info:    ... okay on input line 21.
LaTeX Font Info:    Checking defaults for T1/cmr/m/n on input line 21.
LaTeX Font Info:    ... okay on input line 21.
LaTeX Font Info:    Checking defaults for TS1/cmr/m/n on input line 21.
LaTeX Font Info:    ... okay on input line 21.
LaTeX Font Info:    Checking defaults for OMX/cmex/m/n on input line 21.
LaTeX Font Info:    ... okay on input line 21.
LaTeX Font Info:    Checking defaults for U/cmr/m/n on input line 21.
LaTeX Font Info:    ... okay on input line 21.
LaTeX Font Info:    Checking defaults for PD1/pdf/m/n on input line 21.
LaTeX Font Info:    ... okay on input line 21.
LaTeX Font Info:    Checking defaults for PU/pdf/m/n on input line 21.
LaTeX Font Info:    ... okay on input line 21.

*geometry* driver: auto-detecting
*geometry* detected driver: pdftex
*geometry* verbose mode - [ preamble ] result:
* driver: pdftex
* paper: <default>
* layout: <same size as paper>
* layoutoffset:(h,v)=(0.0pt,0.0pt)
* modes: 
* h-part:(L,W,R)=(56.9055pt, 500.484pt, 56.9055pt)
* v-part:(T,H,B)=(42.67912pt, 695.38536pt, 56.9055pt)
* \paperwidth=614.295pt
* \paperheight=794.96999pt
* \textwidth=500.484pt
* \textheight=695.38536pt
* \oddsidemargin=-15.36449pt
* \evensidemargin=-15.36449pt
* \topmargin=-66.59087pt
* \headheight=12.0pt
* \headsep=25.0pt
* \topskip=12.0pt
* \footskip=30.0pt
* \marginparwidth=44.0pt
* \marginparsep=10.0pt
* \columnsep=10.0pt
* \skip\footins=10.8pt plus 4.0pt minus 2.0pt
* \hoffset=0.0pt
* \voffset=0.0pt
* \mag=1000
* \@twocolumnfalse
* \@twosidefalse
* \@mparswitchfalse
* \@reversemarginfalse
* (1in=72.27pt=25.4mm, 1cm=28.453pt)

(c:/texlive/2023/texmf-dist/tex/context/base/mkii/supp-pdf.mkii
[Loading MPS to PDF converter (version 2006.09.02).]
\scratchcounter=\count284
\scratchdimen=\dimen174
\scratchbox=\box52
\nofMPsegments=\count285
\nofMParguments=\count286
\everyMPshowfont=\toks26
\MPscratchCnt=\count287
\MPscratchDim=\dimen175
\MPnumerator=\count288
\makeMPintoPDFobject=\count289
\everyMPtoPDFconversion=\toks27
) (c:/texlive/2023/texmf-dist/tex/latex/epstopdf-pkg/epstopdf-base.sty
Package: epstopdf-base 2020-01-24 v2.11 Base part for package epstopdf
Package epstopdf-base Info: Redefining graphics rule for `.eps' on input line 485.
 (c:/texlive/2023/texmf-dist/tex/latex/latexconfig/epstopdf-sys.cfg
File: epstopdf-sys.cfg 2010/07/13 v1.3 Configuration of (r)epstopdf for TeX Live
))
Package hyperref Info: Link coloring OFF on input line 21.
 (./main.out) (./main.out)
\@outlinefile=\write3
\openout3 = `main.out'.

Package caption Info: Begin \AtBeginDocument code.
Package caption Info: End \AtBeginDocument code.
LaTeX Font Info:    External font `cmex10' loaded for size
(Font)              <14.4> on input line 24.
LaTeX Font Info:    External font `cmex10' loaded for size
(Font)              <7> on input line 24.
LaTeX Font Info:    External font `cmex10' loaded for size
(Font)              <12> on input line 35.
LaTeX Font Info:    External font `cmex10' loaded for size
(Font)              <8> on input line 35.
LaTeX Font Info:    External font `cmex10' loaded for size
(Font)              <6> on input line 35.

Underfull \hbox (badness 10000) in paragraph at lines 36--39

 []

[1

{c:/texlive/2023/texmf-var/fonts/map/pdftex/updmap/pdftex.map}{c:/texlive/2023/texmf-dist/fonts/enc/dvips/cm-super/cm-super-t1.enc}{c:/texlive/2023/texmf-dist/fonts/enc/dvips/cm-super/cm-super-ts1.enc}]
Underfull \hbox (badness 10000) in paragraph at lines 46--55

 []

[2]
<TP1/Syst_1/Diagramme de Black experimental 2.1.png, id=92, 414.8298pt x 328.1058pt>
File: TP1/Syst_1/Diagramme de Black experimental 2.1.png Graphic file (type png)
<use TP1/Syst_1/Diagramme de Black experimental 2.1.png>
Package pdftex.def Info: TP1/Syst_1/Diagramme de Black experimental 2.1.png  used on input line 85.
(pdftex.def)             Requested size: 414.82878pt x 328.105pt.
 [3 <./TP1/Syst_1/Diagramme de Black experimental 2.1.png>] [4]
<TP1/Syst_2/Diagramme de Black experimental_syst2.png, id=103, 414.8298pt x 328.1058pt>
File: TP1/Syst_2/Diagramme de Black experimental_syst2.png Graphic file (type png)
<use TP1/Syst_2/Diagramme de Black experimental_syst2.png>
Package pdftex.def Info: TP1/Syst_2/Diagramme de Black experimental_syst2.png  used on input line 140.
(pdftex.def)             Requested size: 414.82878pt x 328.105pt.
 [5 <./TP1/Syst_2/Diagramme de Black experimental_syst2.png>]
Overfull \hbox (1.5112pt too wide) in paragraph at lines 145--145
[]\T1/cmr/bx/it/17.28 Réponse in-di-cielle.Réponse Har-monique.Identification 
 []

<TP1/Syst_1/Reponse_indicielle_prem_ordre.png, id=109, 432.1746pt x 298.4751pt>
File: TP1/Syst_1/Reponse_indicielle_prem_ordre.png Graphic file (type png)
<use TP1/Syst_1/Reponse_indicielle_prem_ordre.png>
Package pdftex.def Info: TP1/Syst_1/Reponse_indicielle_prem_ordre.png  used on input line 160.
(pdftex.def)             Requested size: 432.17355pt x 298.47437pt.

Underfull \hbox (badness 10000) in paragraph at lines 165--170

 []


Underfull \hbox (badness 10000) in paragraph at lines 165--170

 []


Underfull \hbox (badness 10000) in paragraph at lines 165--170

 []


Underfull \hbox (badness 10000) in paragraph at lines 165--170

 []


Underfull \hbox (badness 10000) in paragraph at lines 165--170

 []

[6 <./TP1/Syst_1/Reponse_indicielle_prem_ordre.png>]
<TP1/Syst_2/Reponse_indicelle_m_sup_1.png, id=119, 424.2249pt x 328.1058pt>
File: TP1/Syst_2/Reponse_indicelle_m_sup_1.png Graphic file (type png)
<use TP1/Syst_2/Reponse_indicelle_m_sup_1.png>
Package pdftex.def Info: TP1/Syst_2/Reponse_indicelle_m_sup_1.png  used on input line 183.
(pdftex.def)             Requested size: 424.22385pt x 328.105pt.
 [7]
<TP1/Syst_2/Reponse_indicielle_m_inf_1.png, id=126, 412.6617pt x 328.1058pt>
File: TP1/Syst_2/Reponse_indicielle_m_inf_1.png Graphic file (type png)
<use TP1/Syst_2/Reponse_indicielle_m_inf_1.png>
Package pdftex.def Info: TP1/Syst_2/Reponse_indicielle_m_inf_1.png  used on input line 202.
(pdftex.def)             Requested size: 412.66068pt x 328.105pt.
 [8 <./TP1/Syst_2/Reponse_indicelle_m_sup_1.png>]
Underfull \hbox (badness 10000) in paragraph at lines 204--208

 []


Package hyperref Warning: Token not allowed in a PDF string (Unicode):
(hyperref)                removing `math shift' on input line 223.


Package hyperref Warning: Token not allowed in a PDF string (Unicode):
(hyperref)                removing `\@@underline' on input line 223.


Package hyperref Warning: Token not allowed in a PDF string (Unicode):
(hyperref)                removing `\hbox' on input line 223.


Package hyperref Warning: Token not allowed in a PDF string (Unicode):
(hyperref)                removing `\mathsurround' on input line 223.


Package hyperref Warning: Token not allowed in a PDF string (Unicode):
(hyperref)                removing `\z@' on input line 223.


Package hyperref Warning: Token not allowed in a PDF string (Unicode):
(hyperref)                removing `math shift' on input line 223.

[9 <./TP1/Syst_2/Reponse_indicielle_m_inf_1.png>]
Underfull \hbox (badness 10000) in paragraph at lines 233--233
[]\T1/cmr/m/n/12 Amplitude
 []


Underfull \hbox (badness 10000) in paragraph at lines 233--234
[]\T1/cmr/m/n/12 Amplitude de
 []

<TP1/Syst_1/Carac_stat_1.png, id=137, 426.393pt x 328.1058pt>
File: TP1/Syst_1/Carac_stat_1.png Graphic file (type png)
<use TP1/Syst_1/Carac_stat_1.png>
Package pdftex.def Info: TP1/Syst_1/Carac_stat_1.png  used on input line 262.
(pdftex.def)             Requested size: 426.39195pt x 328.105pt.
[10] [11 <./TP1/Syst_1/Carac_stat_1.png>]
Overfull \hbox (21.03926pt too wide) in paragraph at lines 272--280
 [] 
 []

<TP1/Syst_2/Carac_stat_2.png, id=147, 426.393pt x 328.1058pt>
File: TP1/Syst_2/Carac_stat_2.png Graphic file (type png)
<use TP1/Syst_2/Carac_stat_2.png>
Package pdftex.def Info: TP1/Syst_2/Carac_stat_2.png  used on input line 284.
(pdftex.def)             Requested size: 426.39195pt x 328.105pt.
[12 <./TP1/Syst_2/Carac_stat_2.png>]

Package hyperref Warning: Token not allowed in a PDF string (Unicode):
(hyperref)                removing `math shift' on input line 289.


Package hyperref Warning: Token not allowed in a PDF string (Unicode):
(hyperref)                removing `\@@underline' on input line 289.


Package hyperref Warning: Token not allowed in a PDF string (Unicode):
(hyperref)                removing `\hbox' on input line 289.


Package hyperref Warning: Token not allowed in a PDF string (Unicode):
(hyperref)                removing `\mathsurround' on input line 289.


Package hyperref Warning: Token not allowed in a PDF string (Unicode):
(hyperref)                removing `\z@' on input line 289.


Package hyperref Warning: Token not allowed in a PDF string (Unicode):
(hyperref)                removing `math shift' on input line 289.

<TP1/Syst_1/Ampli_statique__syst_1.png, id=153, 803.0pt x 504.88625pt>
File: TP1/Syst_1/Ampli_statique__syst_1.png Graphic file (type png)
<use TP1/Syst_1/Ampli_statique__syst_1.png>
Package pdftex.def Info: TP1/Syst_1/Ampli_statique__syst_1.png  used on input line 295.
(pdftex.def)             Requested size: 483.7029pt x 284.52937pt.
<TP1/Syst_1/tr5prct_syst_1_indiciel.png, id=154, 803.0pt x 504.88625pt>
File: TP1/Syst_1/tr5prct_syst_1_indiciel.png Graphic file (type png)
<use TP1/Syst_1/tr5prct_syst_1_indiciel.png>
Package pdftex.def Info: TP1/Syst_1/tr5prct_syst_1_indiciel.png  used on input line 296.
(pdftex.def)             Requested size: 483.7029pt x 284.52937pt.
[13 <./TP1/Syst_1/Ampli_statique__syst_1.png (PNG copy)> <./TP1/Syst_1/tr5prct_syst_1_indiciel.png (PNG copy)>]
<TP1/Syst_2/Depassement_syst_2.png, id=160, 803.0pt x 504.88625pt>
File: TP1/Syst_2/Depassement_syst_2.png Graphic file (type png)
<use TP1/Syst_2/Depassement_syst_2.png>
Package pdftex.def Info: TP1/Syst_2/Depassement_syst_2.png  used on input line 320.
(pdftex.def)             Requested size: 483.7029pt x 312.98pt.
<TP1/Syst_2/13_04_23_tr5prct_2.png, id=161, 803.0pt x 504.88625pt>
File: TP1/Syst_2/13_04_23_tr5prct_2.png Graphic file (type png)
<use TP1/Syst_2/13_04_23_tr5prct_2.png>
Package pdftex.def Info: TP1/Syst_2/13_04_23_tr5prct_2.png  used on input line 321.
(pdftex.def)             Requested size: 483.7029pt x 312.98pt.
 [14 <./TP1/Syst_2/Depassement_syst_2.png (PNG copy)>] [15 <./TP1/Syst_2/13_04_23_tr5prct_2.png (PNG copy)>]
<TP2 Simulink/syst_a_asservir.png, id=170, 243.91125pt x 67.452pt>
File: TP2 Simulink/syst_a_asservir.png Graphic file (type png)
<use TP2 Simulink/syst_a_asservir.png>
Package pdftex.def Info: TP2 Simulink/syst_a_asservir.png  used on input line 342.
(pdftex.def)             Requested size: 243.91064pt x 67.45183pt.


Package hyperref Warning: Token not allowed in a PDF string (Unicode):
(hyperref)                removing `math shift' on input line 346.


Package hyperref Warning: Token not allowed in a PDF string (Unicode):
(hyperref)                removing `\@@underline' on input line 346.


Package hyperref Warning: Token not allowed in a PDF string (Unicode):
(hyperref)                removing `\hbox' on input line 346.


Package hyperref Warning: Token not allowed in a PDF string (Unicode):
(hyperref)                removing `\mathsurround' on input line 346.


Package hyperref Warning: Token not allowed in a PDF string (Unicode):
(hyperref)                removing `\z@' on input line 346.


Package hyperref Warning: Token not allowed in a PDF string (Unicode):
(hyperref)                removing `math shift' on input line 346.


Underfull \hbox (badness 10000) in paragraph at lines 347--349

 []


Underfull \hbox (badness 10000) in paragraph at lines 357--364

 []


Underfull \hbox (badness 10000) in paragraph at lines 372--374

 []

[16 <./TP2 Simulink/syst_a_asservir.png>]
Underfull \hbox (badness 10000) in paragraph at lines 379--387

 []


Underfull \hbox (badness 10000) in paragraph at lines 379--387

 []


Underfull \hbox (badness 10000) in paragraph at lines 379--387

 []


Underfull \hbox (badness 10000) in paragraph at lines 379--387

 []

[17]
Underfull \hbox (badness 10000) in paragraph at lines 405--407

 []

<TP2 Simulink/Syst_1/Syst_1_Simulink_P.png, id=185, 660.66824pt x 236.68425pt>
File: TP2 Simulink/Syst_1/Syst_1_Simulink_P.png Graphic file (type png)
<use TP2 Simulink/Syst_1/Syst_1_Simulink_P.png>
Package pdftex.def Info: TP2 Simulink/Syst_1/Syst_1_Simulink_P.png  used on input line 408.
(pdftex.def)             Requested size: 426.79134pt x 152.89671pt.
<TP2 Simulink/Syst_1/Erreur statique_syst_1_K=4.97.png, id=186, 1143.0705pt x 570.933pt>
File: TP2 Simulink/Syst_1/Erreur statique_syst_1_K=4.97.png Graphic file (type png)
<use TP2 Simulink/Syst_1/Erreur statique_syst_1_K=4.97.png>
Package pdftex.def Info: TP2 Simulink/Syst_1/Erreur statique_syst_1_K=4.97.png  used on input line 416.
(pdftex.def)             Requested size: 540.60236pt x 270.01118pt.
<TP2 Simulink/Syst_1/Reponse_indic_syst_1_K=4.97_tr5prct.png, id=187, 1141.26375pt x 569.7285pt>
File: TP2 Simulink/Syst_1/Reponse_indic_syst_1_K=4.97_tr5prct.png Graphic file (type png)
<use TP2 Simulink/Syst_1/Reponse_indic_syst_1_K=4.97_tr5prct.png>
Package pdftex.def Info: TP2 Simulink/Syst_1/Reponse_indic_syst_1_K=4.97_tr5prct.png  used on input line 417.
(pdftex.def)             Requested size: 540.60236pt x 269.86752pt.

Overfull \hbox (40.11836pt too wide) in paragraph at lines 416--418
 [] 
 []


Overfull \hbox (40.11836pt too wide) in paragraph at lines 416--418
 [] 
 []

[18 <./TP2 Simulink/Syst_1/Syst_1_Simulink_P.png> <./TP2 Simulink/Syst_1/Erreur statique_syst_1_K=4.97.png>] [19 <./TP2 Simulink/Syst_1/Reponse_indic_syst_1_K=4.97_tr5prct.png>]
<TP2 Simulink/Syst_1/Erreur_statique_syst_1_K=54.7.png, id=201, 1139.457pt x 572.73975pt>
File: TP2 Simulink/Syst_1/Erreur_statique_syst_1_K=54.7.png Graphic file (type png)
<use TP2 Simulink/Syst_1/Erreur_statique_syst_1_K=54.7.png>
Package pdftex.def Info: TP2 Simulink/Syst_1/Erreur_statique_syst_1_K=54.7.png  used on input line 430.
(pdftex.def)             Requested size: 540.60236pt x 271.73085pt.
<TP2 Simulink/Syst_1/tr5prct_syst_1_K=54.7.png, id=202, 1149.093pt x 572.1375pt>
File: TP2 Simulink/Syst_1/tr5prct_syst_1_K=54.7.png Graphic file (type png)
<use TP2 Simulink/Syst_1/tr5prct_syst_1_K=54.7.png>
Package pdftex.def Info: TP2 Simulink/Syst_1/tr5prct_syst_1_K=54.7.png  used on input line 431.
(pdftex.def)             Requested size: 540.60236pt x 269.16656pt.

Overfull \hbox (40.11836pt too wide) in paragraph at lines 430--432
 [] 
 []


Overfull \hbox (40.11836pt too wide) in paragraph at lines 430--432
 [] 
 []

[20 <./TP2 Simulink/Syst_1/Erreur_statique_syst_1_K=54.7.png> <./TP2 Simulink/Syst_1/tr5prct_syst_1_K=54.7.png>]
<TP2 Simulink/Syst_1/Err_statique_syst_1_K=2.2.png, id=209, 1151.502pt x 573.342pt>
File: TP2 Simulink/Syst_1/Err_statique_syst_1_K=2.2.png Graphic file (type png)
<use TP2 Simulink/Syst_1/Err_statique_syst_1_K=2.2.png>
Package pdftex.def Info: TP2 Simulink/Syst_1/Err_statique_syst_1_K=2.2.png  used on input line 440.
(pdftex.def)             Requested size: 540.60236pt x 269.18207pt.
<TP2 Simulink/Syst_1/tr5prct_syst_1_K=2.2.png, id=210, 1153.30875pt x 573.94424pt>
File: TP2 Simulink/Syst_1/tr5prct_syst_1_K=2.2.png Graphic file (type png)
<use TP2 Simulink/Syst_1/tr5prct_syst_1_K=2.2.png>
Package pdftex.def Info: TP2 Simulink/Syst_1/tr5prct_syst_1_K=2.2.png  used on input line 441.
(pdftex.def)             Requested size: 540.60236pt x 269.0357pt.

Overfull \hbox (40.11836pt too wide) in paragraph at lines 440--442
 [] 
 []


Overfull \hbox (40.11836pt too wide) in paragraph at lines 440--442
 [] 
 []

<TP2 Simulink/Syst_1/err_stat_syst_1_K=27.2.png, id=211, 1151.502pt x 572.73975pt>
File: TP2 Simulink/Syst_1/err_stat_syst_1_K=27.2.png Graphic file (type png)
<use TP2 Simulink/Syst_1/err_stat_syst_1_K=27.2.png>
Package pdftex.def Info: TP2 Simulink/Syst_1/err_stat_syst_1_K=27.2.png  used on input line 449.
(pdftex.def)             Requested size: 540.60236pt x 268.89932pt.
<TP2 Simulink/Syst_1/tr5prct_syst_1_K=27.2.png, id=212, 1153.30875pt x 573.94424pt>
File: TP2 Simulink/Syst_1/tr5prct_syst_1_K=27.2.png Graphic file (type png)
<use TP2 Simulink/Syst_1/tr5prct_syst_1_K=27.2.png>
Package pdftex.def Info: TP2 Simulink/Syst_1/tr5prct_syst_1_K=27.2.png  used on input line 450.
(pdftex.def)             Requested size: 540.60236pt x 269.0357pt.

Overfull \hbox (40.11836pt too wide) in paragraph at lines 449--451
 [] 
 []


Overfull \hbox (40.11836pt too wide) in paragraph at lines 449--451
 [] 
 []

[21 <./TP2 Simulink/Syst_1/Err_statique_syst_1_K=2.2.png> <./TP2 Simulink/Syst_1/tr5prct_syst_1_K=2.2.png>] [22 <./TP2 Simulink/Syst_1/err_stat_syst_1_K=27.2.png> <./TP2 Simulink/Syst_1/tr5prct_syst_1_K=27.2.png>]
<TP3/soustracteur.png, id=225, 510.10574pt x 367.3725pt>
File: TP3/soustracteur.png Graphic file (type png)
<use TP3/soustracteur.png>
Package pdftex.def Info: TP3/soustracteur.png  used on input line 479.
(pdftex.def)             Requested size: 284.52756pt x 204.91437pt.
<TP3/ampli_non_inv.png, id=226, 269.20575pt x 176.45924pt>
File: TP3/ampli_non_inv.png Graphic file (type png)
<use TP3/ampli_non_inv.png>
Package pdftex.def Info: TP3/ampli_non_inv.png  used on input line 484.
(pdftex.def)             Requested size: 284.52756pt x 186.51277pt.
 [23 <./TP3/soustracteur.png> <./TP3/ampli_non_inv.png>]
<TP3/Syst_1/P/14_04_2023_gs_k1_.png, id=233, 803.0pt x 504.88625pt>
File: TP3/Syst_1/P/14_04_2023_gs_k1_.png Graphic file (type png)
<use TP3/Syst_1/P/14_04_2023_gs_k1_.png>
Package pdftex.def Info: TP3/Syst_1/P/14_04_2023_gs_k1_.png  used on input line 490.
(pdftex.def)             Requested size: 540.60236pt x 339.92836pt.
<TP3/Syst_1/P/14_04_2023_tr5_k1.png, id=234, 803.0pt x 504.88625pt>
File: TP3/Syst_1/P/14_04_2023_tr5_k1.png Graphic file (type png)
<use TP3/Syst_1/P/14_04_2023_tr5_k1.png>
Package pdftex.def Info: TP3/Syst_1/P/14_04_2023_tr5_k1.png  used on input line 491.
(pdftex.def)             Requested size: 540.60236pt x 339.92836pt.

Overfull \hbox (40.11836pt too wide) in paragraph at lines 490--492
 [] 
 []


Overfull \hbox (40.11836pt too wide) in paragraph at lines 490--492
 [] 
 []

[24 <./TP3/Syst_1/P/14_04_2023_gs_k1_.png (PNG copy)>] [25 <./TP3/Syst_1/P/14_04_2023_tr5_k1.png (PNG copy)>]
<TP3/Syst_1/P/14_04_2023_es_k5.png, id=244, 803.0pt x 504.88625pt>
File: TP3/Syst_1/P/14_04_2023_es_k5.png Graphic file (type png)
<use TP3/Syst_1/P/14_04_2023_es_k5.png>
Package pdftex.def Info: TP3/Syst_1/P/14_04_2023_es_k5.png  used on input line 502.
(pdftex.def)             Requested size: 512.1496pt x 322.03212pt.
<TP3/Syst_1/P/14_04_2023_tr_k5.png, id=245, 803.0pt x 504.88625pt>
File: TP3/Syst_1/P/14_04_2023_tr_k5.png Graphic file (type png)
<use TP3/Syst_1/P/14_04_2023_tr_k5.png>
Package pdftex.def Info: TP3/Syst_1/P/14_04_2023_tr_k5.png  used on input line 503.
(pdftex.def)             Requested size: 512.1496pt x 322.03212pt.

Overfull \hbox (11.6656pt too wide) in paragraph at lines 502--504
 [] 
 []


Overfull \hbox (11.6656pt too wide) in paragraph at lines 502--504
 [] 
 []

[26 <./TP3/Syst_1/P/14_04_2023_es_k5.png (PNG copy)>]
<TP3/Syst_1/P/14_04_2023_depk55.png, id=250, 803.0pt x 504.88625pt>
File: TP3/Syst_1/P/14_04_2023_depk55.png Graphic file (type png)
<use TP3/Syst_1/P/14_04_2023_depk55.png>
Package pdftex.def Info: TP3/Syst_1/P/14_04_2023_depk55.png  used on input line 511.
(pdftex.def)             Requested size: 512.1496pt x 322.03212pt.
File: TP3/Syst_1/P/14_04_2023_tr_k5.png Graphic file (type png)
<use TP3/Syst_1/P/14_04_2023_tr_k5.png>
Package pdftex.def Info: TP3/Syst_1/P/14_04_2023_tr_k5.png  used on input line 512.
(pdftex.def)             Requested size: 512.1496pt x 322.03212pt.

Overfull \hbox (11.6656pt too wide) in paragraph at lines 511--513
 [] 
 []


Overfull \hbox (11.6656pt too wide) in paragraph at lines 511--513
 [] 
 []

[27 <./TP3/Syst_1/P/14_04_2023_tr_k5.png (PNG copy)>] [28 <./TP3/Syst_1/P/14_04_2023_depk55.png (PNG copy)>]
<TP3/Syst_1/P/err_stat_K2_2_syst1.png, id=259, 803.0pt x 504.88625pt>
File: TP3/Syst_1/P/err_stat_K2_2_syst1.png Graphic file (type png)
<use TP3/Syst_1/P/err_stat_K2_2_syst1.png>
Package pdftex.def Info: TP3/Syst_1/P/err_stat_K2_2_syst1.png  used on input line 520.
(pdftex.def)             Requested size: 512.1496pt x 322.03212pt.
<TP3/Syst_1/P/tr5prct_syst1_K2_2.png, id=260, 803.0pt x 504.88625pt>
File: TP3/Syst_1/P/tr5prct_syst1_K2_2.png Graphic file (type png)
<use TP3/Syst_1/P/tr5prct_syst1_K2_2.png>
Package pdftex.def Info: TP3/Syst_1/P/tr5prct_syst1_K2_2.png  used on input line 521.
(pdftex.def)             Requested size: 512.1496pt x 322.03212pt.

Overfull \hbox (11.6656pt too wide) in paragraph at lines 520--522
 [] 
 []


Overfull \hbox (11.6656pt too wide) in paragraph at lines 520--522
 [] 
 []

[29 <./TP3/Syst_1/P/err_stat_K2_2_syst1.png (PNG copy)>]
<TP3/Syst_1/P/k27_2_es.png, id=265, 803.0pt x 504.88625pt>
File: TP3/Syst_1/P/k27_2_es.png Graphic file (type png)
<use TP3/Syst_1/P/k27_2_es.png>
Package pdftex.def Info: TP3/Syst_1/P/k27_2_es.png  used on input line 529.
(pdftex.def)             Requested size: 512.1496pt x 322.03212pt.
<TP3/Syst_1/P/k27_2_dep.png, id=266, 803.0pt x 504.88625pt>
File: TP3/Syst_1/P/k27_2_dep.png Graphic file (type png)
<use TP3/Syst_1/P/k27_2_dep.png>
Package pdftex.def Info: TP3/Syst_1/P/k27_2_dep.png  used on input line 530.
(pdftex.def)             Requested size: 512.1496pt x 322.03212pt.
<TP3/Syst_1/P/k27_2_tr.png, id=267, 803.0pt x 504.88625pt>
File: TP3/Syst_1/P/k27_2_tr.png Graphic file (type png)
<use TP3/Syst_1/P/k27_2_tr.png>
Package pdftex.def Info: TP3/Syst_1/P/k27_2_tr.png  used on input line 531.
(pdftex.def)             Requested size: 512.1496pt x 322.03212pt.

Overfull \hbox (11.6656pt too wide) in paragraph at lines 529--532
 [] 
 []


Overfull \hbox (11.6656pt too wide) in paragraph at lines 529--532
 [] 
 []


Overfull \hbox (11.6656pt too wide) in paragraph at lines 529--532
 [] 
 []

[30 <./TP3/Syst_1/P/tr5prct_syst1_K2_2.png (PNG copy)>] [31 <./TP3/Syst_1/P/k27_2_es.png (PNG copy)> <./TP3/Syst_1/P/k27_2_dep.png (PNG copy)>]

Package hyperref Warning: Token not allowed in a PDF string (Unicode):
(hyperref)                removing `math shift' on input line 539.


Package hyperref Warning: Token not allowed in a PDF string (Unicode):
(hyperref)                removing `\@@underline' on input line 539.


Package hyperref Warning: Token not allowed in a PDF string (Unicode):
(hyperref)                removing `\hbox' on input line 539.


Package hyperref Warning: Token not allowed in a PDF string (Unicode):
(hyperref)                removing `\mathsurround' on input line 539.


Package hyperref Warning: Token not allowed in a PDF string (Unicode):
(hyperref)                removing `\z@' on input line 539.


Package hyperref Warning: Token not allowed in a PDF string (Unicode):
(hyperref)                removing `math shift' on input line 539.

[32 <./TP3/Syst_1/P/k27_2_tr.png (PNG copy)>] [33]
<TP2 Simulink/Syst_1/Syst1_Simulink_I.png, id=286, 651.6345pt x 226.446pt>
File: TP2 Simulink/Syst_1/Syst1_Simulink_I.png Graphic file (type png)
<use TP2 Simulink/Syst_1/Syst1_Simulink_I.png>
Package pdftex.def Info: TP2 Simulink/Syst_1/Syst1_Simulink_I.png  used on input line 569.
(pdftex.def)             Requested size: 426.79134pt x 148.31111pt.
<TP2 Simulink/Syst_1/depassement_syst1_Ti=tau.png, id=287, 1156.32pt x 572.73975pt>
File: TP2 Simulink/Syst_1/depassement_syst1_Ti=tau.png Graphic file (type png)
<use TP2 Simulink/Syst_1/depassement_syst1_Ti=tau.png>
Package pdftex.def Info: TP2 Simulink/Syst_1/depassement_syst1_Ti=tau.png  used on input line 578.
(pdftex.def)             Requested size: 540.60236pt x 267.76321pt.
<TP2 Simulink/Syst_1/tr5prct_syst_1_Ti=tau.png, id=288, 1156.32pt x 567.92175pt>
File: TP2 Simulink/Syst_1/tr5prct_syst_1_Ti=tau.png Graphic file (type png)
<use TP2 Simulink/Syst_1/tr5prct_syst_1_Ti=tau.png>
Package pdftex.def Info: TP2 Simulink/Syst_1/tr5prct_syst_1_Ti=tau.png  used on input line 579.
(pdftex.def)             Requested size: 540.60236pt x 265.51074pt.

Overfull \hbox (40.11836pt too wide) in paragraph at lines 578--580
 [] 
 []


Overfull \hbox (40.11836pt too wide) in paragraph at lines 578--580
 [] 
 []

[34 <./TP2 Simulink/Syst_1/Syst1_Simulink_I.png> <./TP2 Simulink/Syst_1/depassement_syst1_Ti=tau.png>]
Underfull \hbox (badness 10000) in paragraph at lines 581--587

 []

LaTeX Font Info:    Trying to load font information for T1+cmtt on input line 595.
(c:/texlive/2023/texmf-dist/tex/latex/base/t1cmtt.fd
File: t1cmtt.fd 2022/07/10 v2.5l Standard LaTeX font definitions
)
<TP2 Simulink/Syst_1/Ti=tau_syst_1_Black.png, id=297, 1040.688pt x 552.8655pt>
File: TP2 Simulink/Syst_1/Ti=tau_syst_1_Black.png Graphic file (type png)
<use TP2 Simulink/Syst_1/Ti=tau_syst_1_Black.png>
Package pdftex.def Info: TP2 Simulink/Syst_1/Ti=tau_syst_1_Black.png  used on input line 604.
(pdftex.def)             Requested size: 540.60236pt x 287.20488pt.

Overfull \hbox (40.11836pt too wide) in paragraph at lines 604--605
 [] 
 []

[35 <./TP2 Simulink/Syst_1/tr5prct_syst_1_Ti=tau.png>] [36 <./TP2 Simulink/Syst_1/Ti=tau_syst_1_Black.png>]
<TP2 Simulink/Syst_1/depassement_syst_1_Ti=5tau.png, id=310, 1156.32pt x 573.342pt>
File: TP2 Simulink/Syst_1/depassement_syst_1_Ti=5tau.png Graphic file (type png)
<use TP2 Simulink/Syst_1/depassement_syst_1_Ti=5tau.png>
Package pdftex.def Info: TP2 Simulink/Syst_1/depassement_syst_1_Ti=5tau.png  used on input line 613.
(pdftex.def)             Requested size: 540.60236pt x 268.04477pt.
<TP2 Simulink/Syst_1/tr5prct_syst_1_Ti=5tau.png, id=311, 1156.32pt x 575.14874pt>
File: TP2 Simulink/Syst_1/tr5prct_syst_1_Ti=5tau.png Graphic file (type png)
<use TP2 Simulink/Syst_1/tr5prct_syst_1_Ti=5tau.png>
Package pdftex.def Info: TP2 Simulink/Syst_1/tr5prct_syst_1_Ti=5tau.png  used on input line 614.
(pdftex.def)             Requested size: 540.60236pt x 268.88945pt.

Overfull \hbox (40.11836pt too wide) in paragraph at lines 613--615
 [] 
 []


Overfull \hbox (40.11836pt too wide) in paragraph at lines 613--615
 [] 
 []


Underfull \hbox (badness 10000) in paragraph at lines 617--622

 []

[37 <./TP2 Simulink/Syst_1/depassement_syst_1_Ti=5tau.png> <./TP2 Simulink/Syst_1/tr5prct_syst_1_Ti=5tau.png>]
<TP2 Simulink/Syst_1/Ti=5tau_syst_1_Black.png, id=319, 971.42924pt x 540.21825pt>
File: TP2 Simulink/Syst_1/Ti=5tau_syst_1_Black.png Graphic file (type png)
<use TP2 Simulink/Syst_1/Ti=5tau_syst_1_Black.png>
Package pdftex.def Info: TP2 Simulink/Syst_1/Ti=5tau_syst_1_Black.png  used on input line 627.
(pdftex.def)             Requested size: 540.60236pt x 300.64073pt.

Overfull \hbox (40.11836pt too wide) in paragraph at lines 627--628
 [] 
 []

[38 <./TP2 Simulink/Syst_1/Ti=5tau_syst_1_Black.png>]
<TP2 Simulink/Syst_1/tr5prct_syst1_Ti=10tau.png, id=325, 1156.32pt x 573.342pt>
File: TP2 Simulink/Syst_1/tr5prct_syst1_Ti=10tau.png Graphic file (type png)
<use TP2 Simulink/Syst_1/tr5prct_syst1_Ti=10tau.png>
Package pdftex.def Info: TP2 Simulink/Syst_1/tr5prct_syst1_Ti=10tau.png  used on input line 637.
(pdftex.def)             Requested size: 540.60236pt x 268.04477pt.

Overfull \hbox (40.11836pt too wide) in paragraph at lines 637--638
 [] 
 []


Underfull \hbox (badness 10000) in paragraph at lines 640--645

 []

<TP2 Simulink/Syst_1/Ti=10tau_syst_1_Black.png, id=326, 979.2585pt x 520.94624pt>
File: TP2 Simulink/Syst_1/Ti=10tau_syst_1_Black.png Graphic file (type png)
<use TP2 Simulink/Syst_1/Ti=10tau_syst_1_Black.png>
Package pdftex.def Info: TP2 Simulink/Syst_1/Ti=10tau_syst_1_Black.png  used on input line 650.
(pdftex.def)             Requested size: 540.60236pt x 287.58649pt.

Overfull \hbox (40.11836pt too wide) in paragraph at lines 650--651
 [] 
 []

[39 <./TP2 Simulink/Syst_1/tr5prct_syst1_Ti=10tau.png>]
Underfull \hbox (badness 10000) in paragraph at lines 652--661

 []


Underfull \hbox (badness 10000) in paragraph at lines 652--661

 []

<TP2 Simulink/Syst_1/dep5prct_syst1.png, id=332, 1156.32pt x 572.73975pt>
File: TP2 Simulink/Syst_1/dep5prct_syst1.png Graphic file (type png)
<use TP2 Simulink/Syst_1/dep5prct_syst1.png>
Package pdftex.def Info: TP2 Simulink/Syst_1/dep5prct_syst1.png  used on input line 662.
(pdftex.def)             Requested size: 540.60236pt x 267.76321pt.

Overfull \hbox (40.11836pt too wide) in paragraph at lines 662--663
 [] 
 []

[40 <./TP2 Simulink/Syst_1/Ti=10tau_syst_1_Black.png>]
Underfull \hbox (badness 10000) in paragraph at lines 665--668

 []

[41 <./TP2 Simulink/Syst_1/dep5prct_syst1.png>]
<TP3/integrateur.png, id=344, 408.3255pt x 271.61475pt>
File: TP3/integrateur.png Graphic file (type png)
<use TP3/integrateur.png>
Package pdftex.def Info: TP3/integrateur.png  used on input line 673.
(pdftex.def)             Requested size: 326.66083pt x 217.29208pt.
<TP3/inverseur.png, id=345, 507.0945pt x 263.18324pt>
File: TP3/inverseur.png Graphic file (type png)
<use TP3/inverseur.png>
Package pdftex.def Info: TP3/inverseur.png  used on input line 675.
(pdftex.def)             Requested size: 354.96371pt x 184.227pt.
 [42 <./TP3/integrateur.png> <./TP3/inverseur.png>]

Package hyperref Warning: Token not allowed in a PDF string (Unicode):
(hyperref)                removing `math shift' on input line 681.


Package hyperref Warning: Token not allowed in a PDF string (Unicode):
(hyperref)                removing `\@@underline' on input line 681.


Package hyperref Warning: Token not allowed in a PDF string (Unicode):
(hyperref)                removing `\hbox' on input line 681.


Package hyperref Warning: Token not allowed in a PDF string (Unicode):
(hyperref)                removing `\mathsurround' on input line 681.


Package hyperref Warning: Token not allowed in a PDF string (Unicode):
(hyperref)                removing `\z@' on input line 681.


Package hyperref Warning: Token not allowed in a PDF string (Unicode):
(hyperref)                removing `math shift' on input line 681.


Overfull \hbox (35.13792pt too wide) in paragraph at lines 687--690
[]$\OML/cmm/m/it/14.4 FTBF \OT1/cmr/m/n/14.4 = [] = [] = [] = []$ 
 []


Underfull \hbox (badness 10000) in paragraph at lines 687--690

 []


Underfull \hbox (badness 10000) in paragraph at lines 687--690

 []

[43]
Underfull \hbox (badness 10000) in paragraph at lines 728--732

 []

<TP2 Simulink/Syst_2/Syst_2_Simunlink_P.png, id=358, 747.9945pt x 264.99pt>
File: TP2 Simulink/Syst_2/Syst_2_Simunlink_P.png Graphic file (type png)
<use TP2 Simulink/Syst_2/Syst_2_Simunlink_P.png>
Package pdftex.def Info: TP2 Simulink/Syst_2/Syst_2_Simunlink_P.png  used on input line 733.
(pdftex.def)             Requested size: 426.79134pt x 151.19951pt.
<TP2 Simulink/Syst_2/Depass_4_1_K=4.5.png, id=359, 1155.1155pt x 567.92175pt>
File: TP2 Simulink/Syst_2/Depass_4_1_K=4.5.png Graphic file (type png)
<use TP2 Simulink/Syst_2/Depass_4_1_K=4.5.png>
Package pdftex.def Info: TP2 Simulink/Syst_2/Depass_4_1_K=4.5.png  used on input line 739.
(pdftex.def)             Requested size: 540.60236pt x 265.7967pt.
<TP2 Simulink/Syst_2/tr5prct_4_1_K=4.5.png, id=360, 1154.51324pt x 570.33075pt>
File: TP2 Simulink/Syst_2/tr5prct_4_1_K=4.5.png Graphic file (type png)
<use TP2 Simulink/Syst_2/tr5prct_4_1_K=4.5.png>
Package pdftex.def Info: TP2 Simulink/Syst_2/tr5prct_4_1_K=4.5.png  used on input line 740.
(pdftex.def)             Requested size: 540.60236pt x 267.05469pt.

Overfull \hbox (40.11836pt too wide) in paragraph at lines 739--741
 [] 
 []


Overfull \hbox (40.11836pt too wide) in paragraph at lines 739--741
 [] 
 []

[44 <./TP2 Simulink/Syst_2/Syst_2_Simunlink_P.png> <./TP2 Simulink/Syst_2/Depass_4_1_K=4.5.png>] [45 <./TP2 Simulink/Syst_2/tr5prct_4_1_K=4.5.png>]
<TP2 Simulink/Syst_2/depassement_4_1_K=24.5.png, id=372, 1156.32pt x 573.342pt>
File: TP2 Simulink/Syst_2/depassement_4_1_K=24.5.png Graphic file (type png)
<use TP2 Simulink/Syst_2/depassement_4_1_K=24.5.png>
Package pdftex.def Info: TP2 Simulink/Syst_2/depassement_4_1_K=24.5.png  used on input line 751.
(pdftex.def)             Requested size: 540.60236pt x 268.04477pt.
<TP2 Simulink/Syst_2/tr5prct_4.1_K=24.5.png, id=373, 1156.32pt x 572.1375pt>
File: TP2 Simulink/Syst_2/tr5prct_4.1_K=24.5.png Graphic file (type png)
<use TP2 Simulink/Syst_2/tr5prct_4.1_K=24.5.png>
Package pdftex.def Info: TP2 Simulink/Syst_2/tr5prct_4.1_K=24.5.png  used on input line 752.
(pdftex.def)             Requested size: 540.60236pt x 267.48164pt.

Overfull \hbox (40.11836pt too wide) in paragraph at lines 751--753
 [] 
 []


Overfull \hbox (40.11836pt too wide) in paragraph at lines 751--753
 [] 
 []


Underfull \hbox (badness 10000) in paragraph at lines 754--759

 []

[46 <./TP2 Simulink/Syst_2/depassement_4_1_K=24.5.png> <./TP2 Simulink/Syst_2/tr5prct_4.1_K=24.5.png>] [47]

Package hyperref Warning: Token not allowed in a PDF string (Unicode):
(hyperref)                removing `math shift' on input line 760.


Package hyperref Warning: Token not allowed in a PDF string (Unicode):
(hyperref)                removing `\@@underline' on input line 760.


Package hyperref Warning: Token not allowed in a PDF string (Unicode):
(hyperref)                removing `\hbox' on input line 760.


Package hyperref Warning: Token not allowed in a PDF string (Unicode):
(hyperref)                removing `\mathsurround' on input line 760.


Package hyperref Warning: Token not allowed in a PDF string (Unicode):
(hyperref)                removing `\z@' on input line 760.


Package hyperref Warning: Token not allowed in a PDF string (Unicode):
(hyperref)                removing `math shift' on input line 760.


Underfull \hbox (badness 10000) in paragraph at lines 762--765

 []


Underfull \hbox (badness 10000) in paragraph at lines 762--765

 []

<TP2 Simulink/Syst_2/Syst_2_Simulink_I.png, id=384, 763.05075pt x 242.1045pt>
File: TP2 Simulink/Syst_2/Syst_2_Simulink_I.png Graphic file (type png)
<use TP2 Simulink/Syst_2/Syst_2_Simulink_I.png>
Package pdftex.def Info: TP2 Simulink/Syst_2/Syst_2_Simulink_I.png  used on input line 766.
(pdftex.def)             Requested size: 426.79134pt x 135.41505pt.
<TP2 Simulink/Syst_2/tr5prct_4.2_Ti=20_sur_omega0.png, id=385, 1156.32pt x 573.342pt>
File: TP2 Simulink/Syst_2/tr5prct_4.2_Ti=20_sur_omega0.png Graphic file (type png)
<use TP2 Simulink/Syst_2/tr5prct_4.2_Ti=20_sur_omega0.png>
Package pdftex.def Info: TP2 Simulink/Syst_2/tr5prct_4.2_Ti=20_sur_omega0.png  used on input line 775.
(pdftex.def)             Requested size: 540.60236pt x 268.04477pt.

Overfull \hbox (40.11836pt too wide) in paragraph at lines 775--776
 [] 
 []


Underfull \hbox (badness 10000) in paragraph at lines 781--783

 []

[48 <./TP2 Simulink/Syst_2/Syst_2_Simulink_I.png> <./TP2 Simulink/Syst_2/tr5prct_4.2_Ti=20_sur_omega0.png>]
<TP2 Simulink/Syst_2/nichols_Ti=20_sur_omega0.png, id=393, 1003.95074pt x 534.19576pt>
File: TP2 Simulink/Syst_2/nichols_Ti=20_sur_omega0.png Graphic file (type png)
<use TP2 Simulink/Syst_2/nichols_Ti=20_sur_omega0.png>
Package pdftex.def Info: TP2 Simulink/Syst_2/nichols_Ti=20_sur_omega0.png  used on input line 789.
(pdftex.def)             Requested size: 540.60236pt x 287.6463pt.

Overfull \hbox (40.11836pt too wide) in paragraph at lines 789--790
 [] 
 []

[49 <./TP2 Simulink/Syst_2/nichols_Ti=20_sur_omega0.png>]
<TP2 Simulink/Syst_2/tr5prct_4.2_Ti=10_sur_omega0.png, id=400, 1156.32pt x 570.33075pt>
File: TP2 Simulink/Syst_2/tr5prct_4.2_Ti=10_sur_omega0.png Graphic file (type png)
<use TP2 Simulink/Syst_2/tr5prct_4.2_Ti=10_sur_omega0.png>
Package pdftex.def Info: TP2 Simulink/Syst_2/tr5prct_4.2_Ti=10_sur_omega0.png  used on input line 797.
(pdftex.def)             Requested size: 540.60236pt x 266.63696pt.

Overfull \hbox (40.11836pt too wide) in paragraph at lines 797--798
 [] 
 []


Underfull \hbox (badness 10000) in paragraph at lines 800--803

 []

[50 <./TP2 Simulink/Syst_2/tr5prct_4.2_Ti=10_sur_omega0.png>]
<TP2 Simulink/Syst_2/nichols_Ti=10_sur_omega0.png, id=407, 1011.78pt x 527.571pt>
File: TP2 Simulink/Syst_2/nichols_Ti=10_sur_omega0.png Graphic file (type png)
<use TP2 Simulink/Syst_2/nichols_Ti=10_sur_omega0.png>
Package pdftex.def Info: TP2 Simulink/Syst_2/nichols_Ti=10_sur_omega0.png  used on input line 810.
(pdftex.def)             Requested size: 540.60236pt x 281.88947pt.

Overfull \hbox (40.11836pt too wide) in paragraph at lines 810--811
 [] 
 []

[51 <./TP2 Simulink/Syst_2/nichols_Ti=10_sur_omega0.png>]
<TP2 Simulink/Syst_2/tr5prct_et_depassement_4.2_5_sur_omega0.png, id=413, 1156.32pt x 573.342pt>
File: TP2 Simulink/Syst_2/tr5prct_et_depassement_4.2_5_sur_omega0.png Graphic file (type png)
<use TP2 Simulink/Syst_2/tr5prct_et_depassement_4.2_5_sur_omega0.png>
Package pdftex.def Info: TP2 Simulink/Syst_2/tr5prct_et_depassement_4.2_5_sur_omega0.png  used on input line 818.
(pdftex.def)             Requested size: 540.60236pt x 268.04477pt.

Overfull \hbox (40.11836pt too wide) in paragraph at lines 818--819
 [] 
 []


Underfull \hbox (badness 10000) in paragraph at lines 821--824

 []

[52 <./TP2 Simulink/Syst_2/tr5prct_et_depassement_4.2_5_sur_omega0.png>]
<TP2 Simulink/Syst_2/nichols_4.2_Ti=5_sur_omega0.png, id=419, 982.872pt x 542.025pt>
File: TP2 Simulink/Syst_2/nichols_4.2_Ti=5_sur_omega0.png Graphic file (type png)
<use TP2 Simulink/Syst_2/nichols_4.2_Ti=5_sur_omega0.png>
Package pdftex.def Info: TP2 Simulink/Syst_2/nichols_4.2_Ti=5_sur_omega0.png  used on input line 831.
(pdftex.def)             Requested size: 540.60236pt x 298.13948pt.

Overfull \hbox (40.11836pt too wide) in paragraph at lines 831--832
 [] 
 []

[53 <./TP2 Simulink/Syst_2/nichols_4.2_Ti=5_sur_omega0.png>]
<TP2 Simulink/Syst_2/4.2_instable_Ti=1_sur_omega0.png, id=425, 1156.32pt x 567.3195pt>
File: TP2 Simulink/Syst_2/4.2_instable_Ti=1_sur_omega0.png Graphic file (type png)
<use TP2 Simulink/Syst_2/4.2_instable_Ti=1_sur_omega0.png>
Package pdftex.def Info: TP2 Simulink/Syst_2/4.2_instable_Ti=1_sur_omega0.png  used on input line 839.
(pdftex.def)             Requested size: 540.60236pt x 265.22917pt.

Overfull \hbox (40.11836pt too wide) in paragraph at lines 839--840
 [] 
 []


Underfull \hbox (badness 10000) in paragraph at lines 843--845

 []

[54 <./TP2 Simulink/Syst_2/4.2_instable_Ti=1_sur_omega0.png>]
<TP2 Simulink/Syst_2/nichols_4.2_Ti=1_sur_omega0.png, id=431, 1000.33725pt x 524.55975pt>
File: TP2 Simulink/Syst_2/nichols_4.2_Ti=1_sur_omega0.png Graphic file (type png)
<use TP2 Simulink/Syst_2/nichols_4.2_Ti=1_sur_omega0.png>
Package pdftex.def Info: TP2 Simulink/Syst_2/nichols_4.2_Ti=1_sur_omega0.png  used on input line 852.
(pdftex.def)             Requested size: 540.60236pt x 283.48215pt.

Overfull \hbox (40.11836pt too wide) in paragraph at lines 852--853
 [] 
 []

[55 <./TP2 Simulink/Syst_2/nichols_4.2_Ti=1_sur_omega0.png>] (./main.aux)
Package rerunfilecheck Info: File `main.out' has not changed.
(rerunfilecheck)             Checksum: 2C60A531717E87674067794028ED2DED;2803.
 ) 
Here is how much of TeX's memory you used:
 11801 strings out of 476017
 199765 string characters out of 5793767
 1872660 words of memory out of 5000000
 31970 multiletter control sequences out of 15000+600000
 533121 words of font info for 80 fonts, out of 8000000 for 9000
 1141 hyphenation exceptions out of 8191
 75i,12n,77p,843b,544s stack positions out of 10000i,1000n,20000p,200000b,200000s
<c:/texlive/2023/texmf-dist/fonts/type1/public/amsfonts/cm/cmbx10.pfb><c:/texlive/2023/texmf-dist/fonts/type1/public/amsfonts/cm/cmbx12.pfb><c:/texlive/2023/texmf-dist/fonts/type1/public/amsfonts/cm/cmbx6.pfb><c:/texlive/2023/texmf-dist/fonts/type1/public/amsfonts/cm/cmbx7.pfb><c:/texlive/2023/texmf-dist/fonts/type1/public/amsfonts/cm/cmex10.pfb><c:/texlive/2023/texmf-dist/fonts/type1/public/amsfonts/cm/cmmi10.pfb><c:/texlive/2023/texmf-dist/fonts/type1/public/amsfonts/cm/cmmi12.pfb><c:/texlive/2023/texmf-dist/fonts/type1/public/amsfonts/cm/cmmi6.pfb><c:/texlive/2023/texmf-dist/fonts/type1/public/amsfonts/cm/cmmi7.pfb><c:/texlive/2023/texmf-dist/fonts/type1/public/amsfonts/cm/cmmi8.pfb><c:/texlive/2023/texmf-dist/fonts/type1/public/amsfonts/cm/cmr10.pfb><c:/texlive/2023/texmf-dist/fonts/type1/public/amsfonts/cm/cmr12.pfb><c:/texlive/2023/texmf-dist/fonts/type1/public/amsfonts/cm/cmr6.pfb><c:/texlive/2023/texmf-dist/fonts/type1/public/amsfonts/cm/cmr7.pfb><c:/texlive/2023/texmf-dist/fonts/type1/public/amsfonts/cm/cmr8.pfb><c:/texlive/2023/texmf-dist/fonts/type1/public/amsfonts/cm/cmsy10.pfb><c:/texlive/2023/texmf-dist/fonts/type1/public/amsfonts/cm/cmsy6.pfb><c:/texlive/2023/texmf-dist/fonts/type1/public/amsfonts/cm/cmsy7.pfb><c:/texlive/2023/texmf-dist/fonts/type1/public/amsfonts/cm/cmsy8.pfb><c:/texlive/2023/texmf-dist/fonts/type1/public/cm-super/sfbi1200.pfb><c:/texlive/2023/texmf-dist/fonts/type1/public/cm-super/sfbi1440.pfb><c:/texlive/2023/texmf-dist/fonts/type1/public/cm-super/sfbi1728.pfb><c:/texlive/2023/texmf-dist/fonts/type1/public/cm-super/sfbi2074.pfb><c:/texlive/2023/texmf-dist/fonts/type1/public/cm-super/sfbx1200.pfb><c:/texlive/2023/texmf-dist/fonts/type1/public/cm-super/sfbx1440.pfb><c:/texlive/2023/texmf-dist/fonts/type1/public/cm-super/sfbx1728.pfb><c:/texlive/2023/texmf-dist/fonts/type1/public/cm-super/sfrm1200.pfb><c:/texlive/2023/texmf-dist/fonts/type1/public/cm-super/sfrm1440.pfb><c:/texlive/2023/texmf-dist/fonts/type1/public/cm-super/sfti1200.pfb><c:/texlive/2023/texmf-dist/fonts/type1/public/cm-super/sftt1200.pfb>
Output written on main.pdf (55 pages, 2615548 bytes).
PDF statistics:
 589 PDF objects out of 1000 (max. 8388607)
 362 compressed objects within 4 object streams
 73 named destinations out of 1000 (max. 500000)
 424 words of extra memory for PDF output out of 10000 (max. 10000000)

